<?xml version="1.0" encoding="UTF-8"?>
<!-- Generated by org.testng.reporters.JUnitReportReporter -->
<testsuite hostname="DAMAN" failures="0" tests="1" name="AssigmentWeek16.MouseHover" time="9.427" errors="1" timestamp="22 Dec. 2022 03:32:32 GMT" skipped="0">
  <testcase classname="AssigmentWeek16.MouseHover" name="verifyHoverMouse" time="9.427">
    <error message="element click intercepted: Element &lt;a href=&quot;http://learn-automation.com/testng-tutorials-for-beginners/&quot;&gt;...&lt;/a&gt; is not clickable at point (80, 21). Other element would receive the click: &lt;iframe ng-non-bindable=&quot;&quot; frameborder=&quot;0&quot; hspace=&quot;0&quot; marginheight=&quot;0&quot; marginwidth=&quot;0&quot; scrolling=&quot;no&quot; style=&quot;&quot; tabindex=&quot;0&quot; vspace=&quot;0&quot; width=&quot;100%&quot; id=&quot;navbar-iframe&quot; name=&quot;navbar-iframe&quot; src=&quot;https://www.blogger.com/navbar.g?targetBlogID=4418638268846869874&amp;amp;blogName=Selenium+Practise&amp;amp;publishMode=PUBLISH_MODE_BLOGSPOT&amp;amp;navbarType=LIGHT&amp;amp;layoutType=LAYOUTS&amp;amp;searchRoot=https://seleniumpractise.blogspot.com/search&amp;amp;blogLocale=en&amp;amp;v=2&amp;amp;homepageUrl=http://seleniumpractise.blogspot.com/&amp;amp;targetPostID=4229879368008023176&amp;amp;blogPostOrPageUrl=http://seleniumpractise.blogspot.com/2016/08/how-to-perform-mouse-hover-in-selenium.html&amp;amp;vt=-3793815589874208700&amp;amp;usegapi=1&amp;amp;jsh=m%3B%2F_%2Fscs%2Fabc-static%2F_%2Fjs%2Fk%3Dgapi.lb.en.ydLROSGdlBE.O%2Fd%3D1%2Frs%3DAHpOoo_OUY4V-VcsLuRVnUuYVO758FydkA%2Fm%3D__features__#id=navbar-iframe&amp;amp;_gfid=navbar-iframe&amp;amp;parent=http%3A%2F%2Fseleniumpractise.blogspot.com&amp;amp;pfname=&amp;amp;rpctoken=33769308&quot;&gt;&lt;/iframe&gt;
  (Session info: MicrosoftEdge=108.0.1462.54)
Build info: version: &#039;4.4.0&#039;, revision: &#039;e5c75ed026a&#039;
System info: host: &#039;DAMAN&#039;, ip: &#039;192.168.2.254&#039;, os.name: &#039;Windows 11&#039;, os.arch: &#039;amd64&#039;, os.version: &#039;10.0&#039;, java.version: &#039;17.0.4.1&#039;
Driver info: org.openqa.selenium.edge.EdgeDriver
Command: [6bd5cf9b90e913489f08cd4f6e437cc6, clickElement {id=c8e30abd-1df1-4c71-9b0c-ca34cc704138}]
Capabilities {acceptInsecureCerts: false, browserName: msedge, browserVersion: 108.0.1462.54, ms:edgeOptions: {debuggerAddress: localhost:55142}, msedge: {msedgedriverVersion: 108.0.1462.42 (952d9dd5b065..., userDataDir: C:\Users\daman\AppData\Loca...}, networkConnectionEnabled: false, pageLoadStrategy: normal, platformName: WINDOWS, proxy: Proxy(), se:cdp: ws://localhost:55142/devtoo..., se:cdpVersion: 108.0.1462.54, setWindowRect: true, strictFileInteractability: false, timeouts: {implicit: 0, pageLoad: 300000, script: 30000}, unhandledPromptBehavior: dismiss and notify, webauthn:extension:credBlob: true, webauthn:extension:largeBlob: true, webauthn:virtualAuthenticators: true}
Element: [[EdgeDriver: msedge on WINDOWS (6bd5cf9b90e913489f08cd4f6e437cc6)] -&gt; css selector: div.dropdown-content a:nth-of-type(2)]
Session ID: 6bd5cf9b90e913489f08cd4f6e437cc6" type="org.openqa.selenium.ElementClickInterceptedException">
      <![CDATA[org.openqa.selenium.ElementClickInterceptedException: element click intercepted: Element <a href="http://learn-automation.com/testng-tutorials-for-beginners/">...</a> is not clickable at point (80, 21). Other element would receive the click: <iframe ng-non-bindable="" frameborder="0" hspace="0" marginheight="0" marginwidth="0" scrolling="no" style="" tabindex="0" vspace="0" width="100%" id="navbar-iframe" name="navbar-iframe" src="https://www.blogger.com/navbar.g?targetBlogID=4418638268846869874&amp;blogName=Selenium+Practise&amp;publishMode=PUBLISH_MODE_BLOGSPOT&amp;navbarType=LIGHT&amp;layoutType=LAYOUTS&amp;searchRoot=https://seleniumpractise.blogspot.com/search&amp;blogLocale=en&amp;v=2&amp;homepageUrl=http://seleniumpractise.blogspot.com/&amp;targetPostID=4229879368008023176&amp;blogPostOrPageUrl=http://seleniumpractise.blogspot.com/2016/08/how-to-perform-mouse-hover-in-selenium.html&amp;vt=-3793815589874208700&amp;usegapi=1&amp;jsh=m%3B%2F_%2Fscs%2Fabc-static%2F_%2Fjs%2Fk%3Dgapi.lb.en.ydLROSGdlBE.O%2Fd%3D1%2Frs%3DAHpOoo_OUY4V-VcsLuRVnUuYVO758FydkA%2Fm%3D__features__#id=navbar-iframe&amp;_gfid=navbar-iframe&amp;parent=http%3A%2F%2Fseleniumpractise.blogspot.com&amp;pfname=&amp;rpctoken=33769308"></iframe>
  (Session info: MicrosoftEdge=108.0.1462.54)
Build info: version: '4.4.0', revision: 'e5c75ed026a'
System info: host: 'DAMAN', ip: '192.168.2.254', os.name: 'Windows 11', os.arch: 'amd64', os.version: '10.0', java.version: '17.0.4.1'
Driver info: org.openqa.selenium.edge.EdgeDriver
Command: [6bd5cf9b90e913489f08cd4f6e437cc6, clickElement {id=c8e30abd-1df1-4c71-9b0c-ca34cc704138}]
Capabilities {acceptInsecureCerts: false, browserName: msedge, browserVersion: 108.0.1462.54, ms:edgeOptions: {debuggerAddress: localhost:55142}, msedge: {msedgedriverVersion: 108.0.1462.42 (952d9dd5b065..., userDataDir: C:\Users\daman\AppData\Loca...}, networkConnectionEnabled: false, pageLoadStrategy: normal, platformName: WINDOWS, proxy: Proxy(), se:cdp: ws://localhost:55142/devtoo..., se:cdpVersion: 108.0.1462.54, setWindowRect: true, strictFileInteractability: false, timeouts: {implicit: 0, pageLoad: 300000, script: 30000}, unhandledPromptBehavior: dismiss and notify, webauthn:extension:credBlob: true, webauthn:extension:largeBlob: true, webauthn:virtualAuthenticators: true}
Element: [[EdgeDriver: msedge on WINDOWS (6bd5cf9b90e913489f08cd4f6e437cc6)] -> css selector: div.dropdown-content a:nth-of-type(2)]
Session ID: 6bd5cf9b90e913489f08cd4f6e437cc6
at java.base/jdk.internal.reflect.NativeConstructorAccessorImpl.newInstance0(Native Method)
at java.base/jdk.internal.reflect.NativeConstructorAccessorImpl.newInstance(NativeConstructorAccessorImpl.java:77)
at java.base/jdk.internal.reflect.DelegatingConstructorAccessorImpl.newInstance(DelegatingConstructorAccessorImpl.java:45)
at java.base/java.lang.reflect.Constructor.newInstanceWithCaller(Constructor.java:499)
at java.base/java.lang.reflect.Constructor.newInstance(Constructor.java:480)
at org.openqa.selenium.remote.codec.w3c.W3CHttpResponseCodec.createException(W3CHttpResponseCodec.java:200)
at org.openqa.selenium.remote.codec.w3c.W3CHttpResponseCodec.decode(W3CHttpResponseCodec.java:133)
at org.openqa.selenium.remote.codec.w3c.W3CHttpResponseCodec.decode(W3CHttpResponseCodec.java:53)
at org.openqa.selenium.remote.HttpCommandExecutor.execute(HttpCommandExecutor.java:184)
at org.openqa.selenium.remote.service.DriverCommandExecutor.invokeExecute(DriverCommandExecutor.java:167)
at org.openqa.selenium.remote.service.DriverCommandExecutor.execute(DriverCommandExecutor.java:142)
at org.openqa.selenium.remote.RemoteWebDriver.execute(RemoteWebDriver.java:547)
at org.openqa.selenium.remote.RemoteWebElement.execute(RemoteWebElement.java:257)
at org.openqa.selenium.remote.RemoteWebElement.click(RemoteWebElement.java:78)
at AssigmentWeek16.MouseHover.verifyHoverMouse(MouseHover.java:62)
at java.base/jdk.internal.reflect.NativeMethodAccessorImpl.invoke0(Native Method)
at java.base/jdk.internal.reflect.NativeMethodAccessorImpl.invoke(NativeMethodAccessorImpl.java:77)
at java.base/jdk.internal.reflect.DelegatingMethodAccessorImpl.invoke(DelegatingMethodAccessorImpl.java:43)
at java.base/java.lang.reflect.Method.invoke(Method.java:568)
at org.testng.internal.MethodInvocationHelper.invokeMethod(MethodInvocationHelper.java:124)
at org.testng.internal.Invoker.invokeMethod(Invoker.java:583)
at org.testng.internal.Invoker.invokeTestMethod(Invoker.java:719)
at org.testng.internal.Invoker.invokeTestMethods(Invoker.java:989)
at org.testng.internal.TestMethodWorker.invokeTestMethods(TestMethodWorker.java:125)
at org.testng.internal.TestMethodWorker.run(TestMethodWorker.java:109)
at org.testng.TestRunner.privateRun(TestRunner.java:648)
at org.testng.TestRunner.run(TestRunner.java:505)
at org.testng.SuiteRunner.runTest(SuiteRunner.java:455)
at org.testng.SuiteRunner.runSequentially(SuiteRunner.java:450)
at org.testng.SuiteRunner.privateRun(SuiteRunner.java:415)
at org.testng.SuiteRunner.run(SuiteRunner.java:364)
at org.testng.SuiteRunnerWorker.runSuite(SuiteRunnerWorker.java:52)
at org.testng.SuiteRunnerWorker.run(SuiteRunnerWorker.java:84)
at org.testng.TestNG.runSuitesSequentially(TestNG.java:1208)
at org.testng.TestNG.runSuitesLocally(TestNG.java:1137)
at org.testng.TestNG.runSuites(TestNG.java:1049)
at org.testng.TestNG.run(TestNG.java:1017)
at org.testng.remote.AbstractRemoteTestNG.run(AbstractRemoteTestNG.java:115)
at org.testng.remote.RemoteTestNG.initAndRun(RemoteTestNG.java:251)
at org.testng.remote.RemoteTestNG.main(RemoteTestNG.java:77)
]]>
    </error>
  </testcase> <!-- verifyHoverMouse -->
</testsuite> <!-- AssigmentWeek16.MouseHover -->
